2025-11-02 11:47:41 [[32minfo[39m] : MongoDB connected successfully
2025-11-02 11:48:05 [[32minfo[39m] : Server is running on port 5000
2025-11-02 11:48:05 [[32minfo[39m] : MongoDB connected successfully
2025-11-02 11:50:21 [[32minfo[39m] : Server is running on port 5000
2025-11-02 11:50:21 [[32minfo[39m] : MongoDB connected successfully
2025-11-02 11:50:27 [[32minfo[39m] : Server is running on port 5000
2025-11-02 11:50:27 [[32minfo[39m] : MongoDB connected successfully
2025-11-02 11:51:51 [[32minfo[39m] : Server is running on port 5000
2025-11-02 11:51:51 [[32minfo[39m] : MongoDB connected successfully
2025-11-02 11:51:57 [[33mwarn[39m] : Signup attempt with existing email: kartik@gmail.com
2025-11-02 11:51:57 [[31merror[39m] : Error: User already exists with this email
    at Object.signup (file:///D:/Connectly/Backend/src/services/auth.js:15:11)
    at process.processTicksAndRejections (node:internal/process/task_queues:105:5)
    at async signup (file:///D:/Connectly/Backend/src/controllers/auth.js:15:20)
2025-11-02 11:52:23 [[33mwarn[39m] : Signup attempt with existing email: kartik1@gmail.com
2025-11-02 11:52:23 [[31merror[39m] : Error: User already exists with this email
    at Object.signup (file:///D:/Connectly/Backend/src/services/auth.js:15:11)
    at process.processTicksAndRejections (node:internal/process/task_queues:105:5)
    at async signup (file:///D:/Connectly/Backend/src/controllers/auth.js:15:20)
2025-11-02 11:55:24 [[32minfo[39m] : Server is running on port 5000
2025-11-02 11:55:24 [[32minfo[39m] : MongoDB connected successfully
2025-11-02 11:55:28 [[33mwarn[39m] : Signup attempt with existing email: kartik2@gmail.com
2025-11-02 11:55:28 [[31merror[39m] : Error: User already exists with this email
    at Object.signup (file:///D:/Connectly/Backend/src/services/auth.js:15:11)
    at process.processTicksAndRejections (node:internal/process/task_queues:105:5)
    at async signup (file:///D:/Connectly/Backend/src/controllers/auth.js:15:20)
2025-11-02 11:55:55 [[32minfo[39m] : Server is running on port 5000
2025-11-02 11:55:55 [[32minfo[39m] : MongoDB connected successfully
2025-11-02 11:56:50 [[33mwarn[39m] : Signup attempt with existing email: kartik2@gmail.com
2025-11-02 11:56:50 [[31merror[39m] : Error: User already exists with this email
    at Object.signup (file:///D:/Connectly/Backend/src/services/auth.js:15:11)
    at process.processTicksAndRejections (node:internal/process/task_queues:105:5)
    at async signup (file:///D:/Connectly/Backend/src/controllers/auth.js:15:20)
2025-11-02 11:57:09 [[32minfo[39m] : Server is running on port 5000
2025-11-02 11:57:09 [[32minfo[39m] : MongoDB connected successfully
2025-11-02 11:57:11 [[33mwarn[39m] : Signup attempt with existing email: kartik2@gmail.com
2025-11-02 11:57:11 [[31merror[39m] : Error: User already exists with this email
    at Object.signup (file:///D:/Connectly/Backend/src/services/auth.js:15:11)
    at process.processTicksAndRejections (node:internal/process/task_queues:105:5)
    at async signup (file:///D:/Connectly/Backend/src/controllers/auth.js:15:20)
2025-11-02 11:58:00 [[32minfo[39m] : Server is running on port 5000
2025-11-02 11:58:00 [[32minfo[39m] : MongoDB connected successfully
2025-11-02 11:58:03 [[33mwarn[39m] : Signup attempt with existing email: kartik2@gmail.com
2025-11-02 11:58:03 [[31merror[39m] : Error: User already exists with this email
    at Object.signup (file:///D:/Connectly/Backend/src/services/auth.js:15:11)
    at process.processTicksAndRejections (node:internal/process/task_queues:105:5)
    at async signup (file:///D:/Connectly/Backend/src/controllers/auth.js:15:20)
2025-11-02 11:58:49 [[32minfo[39m] : Server is running on port 5000
2025-11-02 11:58:49 [[32minfo[39m] : MongoDB connected successfully
2025-11-02 12:00:06 [[32minfo[39m] : Server is running on port 5000
2025-11-02 12:00:06 [[32minfo[39m] : MongoDB connected successfully
2025-11-02 12:00:10 [[32minfo[39m] : Server is running on port 5000
2025-11-02 12:00:10 [[32minfo[39m] : MongoDB connected successfully
2025-11-02 12:00:14 [[33mwarn[39m] : Signup attempt with existing email: kartik2@gmail.com
2025-11-02 12:00:14 [[31merror[39m] : Error: User already exists with this email
    at Object.signup (file:///D:/Connectly/Backend/src/services/auth.js:16:11)
    at process.processTicksAndRejections (node:internal/process/task_queues:105:5)
    at async signup (file:///D:/Connectly/Backend/src/controllers/auth.js:15:20)
2025-11-02 12:01:56 [[31merror[39m] : ReferenceError: logger is not defined
    at login (file:///D:/Connectly/Backend/src/controllers/auth.js:59:5)
    at process.processTicksAndRejections (node:internal/process/task_queues:105:5)
2025-11-02 12:02:05 [[32minfo[39m] : Server is running on port 5000
2025-11-02 12:02:05 [[32minfo[39m] : MongoDB connected successfully
2025-11-02 12:02:08 [[31merror[39m] : ReferenceError: logger is not defined
    at login (file:///D:/Connectly/Backend/src/controllers/auth.js:59:5)
    at process.processTicksAndRejections (node:internal/process/task_queues:105:5)
2025-11-02 12:02:44 [[32minfo[39m] : Server is running on port 5000
2025-11-02 12:02:44 [[32minfo[39m] : MongoDB connected successfully
2025-11-02 12:02:52 [[31merror[39m] : Login failed
2025-11-02 12:02:52 [[31merror[39m] : Error: data and hash arguments required
    at Object.compare (D:\Connectly\Backend\node_modules\bcrypt\bcrypt.js:204:17)
    at D:\Connectly\Backend\node_modules\bcrypt\promises.js:26:12
    at new Promise (<anonymous>)
    at Object.promise (D:\Connectly\Backend\node_modules\bcrypt\promises.js:17:12)
    at Object.compare (D:\Connectly\Backend\node_modules\bcrypt\bcrypt.js:200:25)
    at Object.login (file:///D:/Connectly/Backend/src/services/auth.js:38:34)
    at process.processTicksAndRejections (node:internal/process/task_queues:105:5)
    at async login (file:///D:/Connectly/Backend/src/controllers/auth.js:38:29)
2025-11-02 12:03:02 [[32minfo[39m] : Server is running on port 5000
2025-11-02 12:03:02 [[32minfo[39m] : MongoDB connected successfully
2025-11-02 12:03:05 [[31merror[39m] : Login failed
2025-11-02 12:03:05 [[31merror[39m] : Error: data and hash arguments required
    at Object.compare (D:\Connectly\Backend\node_modules\bcrypt\bcrypt.js:204:17)
    at D:\Connectly\Backend\node_modules\bcrypt\promises.js:26:12
    at new Promise (<anonymous>)
    at Object.promise (D:\Connectly\Backend\node_modules\bcrypt\promises.js:17:12)
    at Object.compare (D:\Connectly\Backend\node_modules\bcrypt\bcrypt.js:200:25)
    at Object.login (file:///D:/Connectly/Backend/src/services/auth.js:38:34)
    at process.processTicksAndRejections (node:internal/process/task_queues:105:5)
    at async login (file:///D:/Connectly/Backend/src/controllers/auth.js:38:29)
2025-11-02 12:04:39 [[32minfo[39m] : Server is running on port 5000
2025-11-02 12:04:39 [[32minfo[39m] : MongoDB connected successfully
2025-11-02 12:04:47 [[32minfo[39m] : Server is running on port 5000
2025-11-02 12:04:47 [[32minfo[39m] : MongoDB connected successfully
2025-11-02 12:05:03 [[32minfo[39m] : Server is running on port 5000
2025-11-02 12:05:03 [[32minfo[39m] : MongoDB connected successfully
2025-11-02 12:05:19 [[31merror[39m] : Login failed
2025-11-02 12:05:19 [[31merror[39m] : Error: data and hash arguments required
    at Object.compare (D:\Connectly\Backend\node_modules\bcrypt\bcrypt.js:204:17)
    at D:\Connectly\Backend\node_modules\bcrypt\promises.js:26:12
    at new Promise (<anonymous>)
    at Object.promise (D:\Connectly\Backend\node_modules\bcrypt\promises.js:17:12)
    at Object.compare (D:\Connectly\Backend\node_modules\bcrypt\bcrypt.js:200:25)
    at Object.login (file:///D:/Connectly/Backend/src/services/auth.js:38:34)
    at process.processTicksAndRejections (node:internal/process/task_queues:105:5)
    at async login (file:///D:/Connectly/Backend/src/controllers/auth.js:38:29)
2025-11-02 12:07:22 [[32minfo[39m] : Server is running on port 5000
2025-11-02 12:07:22 [[32minfo[39m] : MongoDB connected successfully
2025-11-02 12:07:28 [[31merror[39m] : Login failed
2025-11-02 12:07:28 [[31merror[39m] : Error: data and hash arguments required
    at Object.compare (D:\Connectly\Backend\node_modules\bcrypt\bcrypt.js:204:17)
    at D:\Connectly\Backend\node_modules\bcrypt\promises.js:26:12
    at new Promise (<anonymous>)
    at Object.promise (D:\Connectly\Backend\node_modules\bcrypt\promises.js:17:12)
    at Object.compare (D:\Connectly\Backend\node_modules\bcrypt\bcrypt.js:200:25)
    at Object.login (file:///D:/Connectly/Backend/src/services/auth.js:38:34)
    at process.processTicksAndRejections (node:internal/process/task_queues:105:5)
    at async login (file:///D:/Connectly/Backend/src/controllers/auth.js:38:29)
2025-11-02 12:08:34 [[32minfo[39m] : Server is running on port 5000
2025-11-02 12:08:34 [[32minfo[39m] : MongoDB connected successfully
2025-11-02 12:08:36 [[31merror[39m] : Login failed
2025-11-02 12:08:36 [[31merror[39m] : Error: data and hash arguments required
    at Object.compare (D:\Connectly\Backend\node_modules\bcrypt\bcrypt.js:204:17)
    at D:\Connectly\Backend\node_modules\bcrypt\promises.js:26:12
    at new Promise (<anonymous>)
    at Object.promise (D:\Connectly\Backend\node_modules\bcrypt\promises.js:17:12)
    at Object.compare (D:\Connectly\Backend\node_modules\bcrypt\bcrypt.js:200:25)
    at Object.login (file:///D:/Connectly/Backend/src/services/auth.js:38:34)
    at process.processTicksAndRejections (node:internal/process/task_queues:105:5)
    at async login (file:///D:/Connectly/Backend/src/controllers/auth.js:38:29)
2025-11-02 12:09:42 [[32minfo[39m] : Server is running on port 5000
2025-11-02 12:09:42 [[32minfo[39m] : MongoDB connected successfully
2025-11-02 12:09:46 [[32minfo[39m] : Server is running on port 5000
2025-11-02 12:09:46 [[32minfo[39m] : MongoDB connected successfully
2025-11-02 12:09:49 [[32minfo[39m] : Server is running on port 5000
2025-11-02 12:09:49 [[32minfo[39m] : MongoDB connected successfully
2025-11-02 12:09:51 [[31merror[39m] : Login failed
2025-11-02 12:09:51 [[31merror[39m] : Error: data and hash arguments required
    at Object.compare (D:\Connectly\Backend\node_modules\bcrypt\bcrypt.js:204:17)
    at D:\Connectly\Backend\node_modules\bcrypt\promises.js:26:12
    at new Promise (<anonymous>)
    at Object.promise (D:\Connectly\Backend\node_modules\bcrypt\promises.js:17:12)
    at Object.compare (D:\Connectly\Backend\node_modules\bcrypt\bcrypt.js:200:25)
    at Object.login (file:///D:/Connectly/Backend/src/services/auth.js:40:34)
    at process.processTicksAndRejections (node:internal/process/task_queues:105:5)
    at async login (file:///D:/Connectly/Backend/src/controllers/auth.js:38:29)
2025-11-02 12:11:59 [[32minfo[39m] : Server is running on port 5000
2025-11-02 12:11:59 [[32minfo[39m] : MongoDB connected successfully
2025-11-02 12:12:31 [[32minfo[39m] : Server is running on port 5000
2025-11-02 12:12:31 [[32minfo[39m] : MongoDB connected successfully
2025-11-02 12:12:33 [[31merror[39m] : Login failed
2025-11-02 12:12:33 [[31merror[39m] : Error: secretOrPrivateKey must have a value
    at module.exports [as sign] (D:\Connectly\Backend\node_modules\jsonwebtoken\sign.js:111:20)
    at generateToken (file:///D:/Connectly/Backend/src/utils/generateToken.js:4:14)
    at Object.login (file:///D:/Connectly/Backend/src/services/auth.js:46:19)
    at async login (file:///D:/Connectly/Backend/src/controllers/auth.js:38:29)
2025-11-02 12:13:27 [[32minfo[39m] : Server is running on port 5000
2025-11-02 12:13:27 [[32minfo[39m] : MongoDB connected successfully
2025-11-02 12:13:29 [[32minfo[39m] : Server is running on port 5000
2025-11-02 12:13:29 [[32minfo[39m] : MongoDB connected successfully
2025-11-02 12:13:39 [[32minfo[39m] : Server is running on port 5000
2025-11-02 12:13:39 [[32minfo[39m] : MongoDB connected successfully
2025-11-02 12:13:44 [[32minfo[39m] : Server is running on port 5000
2025-11-02 12:13:44 [[32minfo[39m] : MongoDB connected successfully
2025-11-02 12:14:15 [[32minfo[39m] : Server is running on port 5000
2025-11-02 12:14:15 [[32minfo[39m] : MongoDB connected successfully
2025-11-02 12:14:18 [[32minfo[39m] : Server is running on port 5000
2025-11-02 12:14:18 [[32minfo[39m] : MongoDB connected successfully
2025-11-02 12:14:21 [[32minfo[39m] : Server is running on port 5000
2025-11-02 12:14:21 [[32minfo[39m] : MongoDB connected successfully
2025-11-02 12:14:24 [[32minfo[39m] : Server is running on port 5000
2025-11-02 12:14:24 [[32minfo[39m] : MongoDB connected successfully
2025-11-02 12:14:25 [[32minfo[39m] : Server is running on port 5000
2025-11-02 12:14:26 [[32minfo[39m] : MongoDB connected successfully
2025-11-02 12:14:46 [[31merror[39m] : Login failed
2025-11-02 12:14:46 [[31merror[39m] : Error: secretOrPrivateKey must have a value
    at module.exports [as sign] (D:\Connectly\Backend\node_modules\jsonwebtoken\sign.js:111:20)
    at generateToken (file:///D:/Connectly/Backend/src/utils/generateToken.js:4:14)
    at Object.login (file:///D:/Connectly/Backend/src/services/auth.js:46:19)
    at async login (file:///D:/Connectly/Backend/src/controllers/auth.js:38:29)
2025-11-02 12:15:12 [[32minfo[39m] : Server is running on port 5000
2025-11-02 12:15:12 [[32minfo[39m] : MongoDB connected successfully
2025-11-02 12:15:16 [[32minfo[39m] : Server is running on port 5000
2025-11-02 12:15:16 [[32minfo[39m] : MongoDB connected successfully
2025-11-02 12:15:20 [[32minfo[39m] : Server is running on port 5000
2025-11-02 12:15:20 [[32minfo[39m] : MongoDB connected successfully
2025-11-02 12:15:23 [[32minfo[39m] : User logged in: kartik2@gmail.com
2025-11-02 12:15:52 [[32minfo[39m] : Server is running on port 5000
2025-11-02 12:15:52 [[32minfo[39m] : MongoDB connected successfully
2025-11-02 12:15:57 [[32minfo[39m] : Server is running on port 5000
2025-11-02 12:15:57 [[32minfo[39m] : MongoDB connected successfully
2025-11-02 12:16:11 [[32minfo[39m] : Server is running on port 5000
2025-11-02 12:16:11 [[32minfo[39m] : MongoDB connected successfully
2025-11-02 12:16:26 [[32minfo[39m] : Server is running on port 5000
2025-11-02 12:16:26 [[32minfo[39m] : MongoDB connected successfully
2025-11-02 12:16:32 [[32minfo[39m] : Server is running on port 5000
2025-11-02 12:16:32 [[32minfo[39m] : MongoDB connected successfully
2025-11-02 12:17:01 [[32minfo[39m] : Server is running on port 5000
2025-11-02 12:17:01 [[32minfo[39m] : MongoDB connected successfully
2025-11-02 12:17:07 [[32minfo[39m] : Server is running on port 5000
2025-11-02 12:17:07 [[32minfo[39m] : MongoDB connected successfully
2025-11-02 12:17:12 [[32minfo[39m] : Server is running on port 5000
2025-11-02 12:17:12 [[32minfo[39m] : MongoDB connected successfully
2025-11-02 12:17:14 [[32minfo[39m] : Server is running on port 5000
2025-11-02 12:17:14 [[32minfo[39m] : MongoDB connected successfully
2025-11-02 12:17:18 [[32minfo[39m] : Server is running on port 5000
2025-11-02 12:17:18 [[32minfo[39m] : MongoDB connected successfully
2025-11-02 12:17:26 [[32minfo[39m] : New user registered: kartik52@gmail.com
2025-11-02 12:17:26 [[31merror[39m] : TypeError: Converting circular structure to JSON
    --> starting at object with constructor 'DerivedLogger'
    |     property '_readableState' -> object with constructor 'ReadableState'
    |     property 'pipes' -> object with constructor 'Array'
    |     index 0 -> object with constructor 'Console'
    --- property 'parent' closes the circle
    at JSON.stringify (<anonymous>)
    at stringify (D:\Connectly\Backend\node_modules\express\lib\response.js:1020:12)
    at ServerResponse.json (D:\Connectly\Backend\node_modules\express\lib\response.js:243:14)
    at signup (file:///D:/Connectly/Backend/src/controllers/auth.js:19:23)
    at process.processTicksAndRejections (node:internal/process/task_queues:105:5)
2025-11-02 12:17:39 [[32minfo[39m] : Server is running on port 5000
2025-11-02 12:17:39 [[32minfo[39m] : MongoDB connected successfully
2025-11-02 12:17:42 [[33mwarn[39m] : Signup attempt with existing email: kartik52@gmail.com
2025-11-02 12:17:42 [[31merror[39m] : Error: User already exists with this email
    at Object.signup (file:///D:/Connectly/Backend/src/services/auth.js:16:11)
    at process.processTicksAndRejections (node:internal/process/task_queues:105:5)
    at async signup (file:///D:/Connectly/Backend/src/controllers/auth.js:16:22)
2025-11-02 12:17:49 [[32minfo[39m] : New user registered: kartik592@gmail.com
2025-11-02 12:17:49 [[31merror[39m] : TypeError: Converting circular structure to JSON
    --> starting at object with constructor 'DerivedLogger'
    |     property '_readableState' -> object with constructor 'ReadableState'
    |     property 'pipes' -> object with constructor 'Array'
    |     index 0 -> object with constructor 'Console'
    --- property 'parent' closes the circle
    at JSON.stringify (<anonymous>)
    at stringify (D:\Connectly\Backend\node_modules\express\lib\response.js:1020:12)
    at ServerResponse.json (D:\Connectly\Backend\node_modules\express\lib\response.js:243:14)
    at signup (file:///D:/Connectly/Backend/src/controllers/auth.js:19:23)
    at process.processTicksAndRejections (node:internal/process/task_queues:105:5)
2025-11-02 12:18:14 [[32minfo[39m] : Server is running on port 5000
2025-11-02 12:18:14 [[32minfo[39m] : MongoDB connected successfully
2025-11-02 12:18:19 [[32minfo[39m] : Server is running on port 5000
2025-11-02 12:18:19 [[32minfo[39m] : MongoDB connected successfully
2025-11-02 12:18:21 [[33mwarn[39m] : Signup attempt with existing email: kartik592@gmail.com
2025-11-02 12:18:21 [[31merror[39m] : Error: User already exists with this email
    at Object.signup (file:///D:/Connectly/Backend/src/services/auth.js:16:11)
    at process.processTicksAndRejections (node:internal/process/task_queues:105:5)
    at async signup (file:///D:/Connectly/Backend/src/controllers/auth.js:16:7)
2025-11-02 12:18:26 [[32minfo[39m] : New user registered: kartik5992@gmail.com
2025-11-02 12:18:35 [[32minfo[39m] : Server is running on port 5000
2025-11-02 12:18:35 [[32minfo[39m] : MongoDB connected successfully
2025-11-02 12:18:39 [[32minfo[39m] : New user registered: kartik59972@gmail.com
2025-11-02 12:19:01 [[32minfo[39m] : Server is running on port 5000
2025-11-02 12:19:01 [[32minfo[39m] : MongoDB connected successfully
2025-11-02 12:19:06 [[32minfo[39m] : Server is running on port 5000
2025-11-02 12:19:06 [[32minfo[39m] : MongoDB connected successfully
2025-11-02 12:19:10 [[32minfo[39m] : Server is running on port 5000
2025-11-02 12:19:10 [[32minfo[39m] : MongoDB connected successfully
2025-11-02 12:19:13 [[32minfo[39m] : Server is running on port 5000
2025-11-02 12:19:13 [[32minfo[39m] : MongoDB connected successfully
2025-11-02 12:19:17 [[32minfo[39m] : Server is running on port 5000
2025-11-02 12:19:17 [[32minfo[39m] : MongoDB connected successfully
2025-11-02 12:19:21 [[32minfo[39m] : Server is running on port 5000
2025-11-02 12:19:21 [[32minfo[39m] : MongoDB connected successfully
2025-11-02 12:19:26 [[32minfo[39m] : Server is running on port 5000
2025-11-02 12:19:26 [[32minfo[39m] : MongoDB connected successfully
2025-11-02 12:19:34 [[32minfo[39m] : Server is running on port 5000
2025-11-02 12:19:34 [[32minfo[39m] : MongoDB connected successfully
2025-11-02 12:19:37 [[32minfo[39m] : Server is running on port 5000
2025-11-02 12:19:37 [[32minfo[39m] : MongoDB connected successfully
2025-11-02 12:19:47 [[31merror[39m] : Login failed
2025-11-02 12:19:47 [[31merror[39m] : ReferenceError: user is not defined
    at login (file:///D:/Connectly/Backend/src/controllers/auth.js:54:36)
2025-11-02 12:21:00 [[32minfo[39m] : Server is running on port 5000
2025-11-02 12:21:00 [[32minfo[39m] : MongoDB connected successfully
2025-11-02 12:21:05 [[32minfo[39m] : Server is running on port 5000
2025-11-02 12:21:05 [[32minfo[39m] : MongoDB connected successfully
2025-11-02 12:21:08 [[32minfo[39m] : Server is running on port 5000
2025-11-02 12:21:08 [[32minfo[39m] : MongoDB connected successfully
2025-11-02 12:21:13 [[32minfo[39m] : Server is running on port 5000
2025-11-02 12:21:13 [[32minfo[39m] : MongoDB connected successfully
2025-11-02 12:21:58 [[32minfo[39m] : Server is running on port 5000
2025-11-02 12:21:58 [[32minfo[39m] : MongoDB connected successfully
2025-11-02 12:22:02 [[32minfo[39m] : Server is running on port 5000
2025-11-02 12:22:03 [[32minfo[39m] : MongoDB connected successfully
2025-11-02 12:22:25 [[32minfo[39m] : Server is running on port 5000
2025-11-02 12:22:25 [[32minfo[39m] : MongoDB connected successfully
2025-11-02 12:22:28 [[32minfo[39m] : Server is running on port 5000
2025-11-02 12:22:28 [[32minfo[39m] : MongoDB connected successfully
2025-11-02 12:22:33 [[32minfo[39m] : Server is running on port 5000
2025-11-02 12:22:33 [[32minfo[39m] : MongoDB connected successfully
2025-11-02 12:23:02 [[32minfo[39m] : Server is running on port 5000
2025-11-02 12:23:02 [[32minfo[39m] : MongoDB connected successfully
2025-11-02 12:23:06 [[32minfo[39m] : Server is running on port 5000
2025-11-02 12:23:06 [[32minfo[39m] : MongoDB connected successfully
2025-11-02 12:23:11 [[32minfo[39m] : Server is running on port 5000
2025-11-02 12:23:11 [[32minfo[39m] : MongoDB connected successfully
2025-11-02 12:23:15 [[32minfo[39m] : Server is running on port 5000
2025-11-02 12:23:15 [[32minfo[39m] : MongoDB connected successfully
2025-11-02 12:24:03 [[31merror[39m] : Login failed
2025-11-02 12:24:03 [[31merror[39m] : ReferenceError: user is not defined
    at login (file:///D:/Connectly/Backend/src/controllers/auth.js:54:36)
2025-11-02 12:24:25 [[32minfo[39m] : Server is running on port 5000
2025-11-02 12:24:25 [[32minfo[39m] : MongoDB connected successfully
2025-11-02 12:24:43 [[31merror[39m] : Login failed
2025-11-02 12:24:43 [[31merror[39m] : ReferenceError: user is not defined
    at login (file:///D:/Connectly/Backend/src/controllers/auth.js:54:36)
2025-11-02 12:25:22 [[32minfo[39m] : Server is running on port 5000
2025-11-02 12:25:22 [[32minfo[39m] : MongoDB connected successfully
2025-11-02 12:25:29 [[32minfo[39m] : Server is running on port 5000
2025-11-02 12:25:30 [[32minfo[39m] : MongoDB connected successfully
2025-11-02 12:25:40 [[32minfo[39m] : Server is running on port 5000
2025-11-02 12:25:40 [[32minfo[39m] : MongoDB connected successfully
2025-11-02 12:26:06 [[32minfo[39m] : Server is running on port 5000
2025-11-02 12:26:06 [[32minfo[39m] : MongoDB connected successfully
2025-11-02 12:27:19 [[32minfo[39m] : Server is running on port 5000
2025-11-02 12:27:19 [[32minfo[39m] : MongoDB connected successfully
2025-11-02 12:27:30 [[32minfo[39m] : Server is running on port 5000
2025-11-02 12:27:30 [[32minfo[39m] : MongoDB connected successfully
2025-11-02 12:27:34 [[32minfo[39m] : Server is running on port 5000
2025-11-02 12:27:34 [[32minfo[39m] : MongoDB connected successfully
2025-11-02 12:27:40 [[32minfo[39m] : Server is running on port 5000
2025-11-02 12:27:40 [[32minfo[39m] : MongoDB connected successfully
2025-11-02 12:28:38 [[31merror[39m] : Login failed
2025-11-02 12:28:38 [[31merror[39m] : ReferenceError: user is not defined
    at login (file:///D:/Connectly/Backend/src/controllers/auth.js:54:36)
2025-11-02 12:28:57 [[32minfo[39m] : Server is running on port 5000
2025-11-02 12:28:57 [[32minfo[39m] : MongoDB connected successfully
2025-11-02 12:29:18 [[31merror[39m] : Login failed
2025-11-02 12:29:18 [[31merror[39m] : ReferenceError: user is not defined
    at login (file:///D:/Connectly/Backend/src/controllers/auth.js:54:36)
2025-11-02 13:50:26 [[32minfo[39m] : Server is running on port 5000
2025-11-02 13:50:26 [[32minfo[39m] : MongoDB connected successfully
2025-11-02 13:50:32 [[31merror[39m] : Login failed
2025-11-02 13:50:32 [[31merror[39m] : ReferenceError: user is not defined
    at login (file:///D:/Connectly/Backend/src/controllers/auth.js:54:36)
2025-11-02 13:51:10 [[32minfo[39m] : Server is running on port 5000
2025-11-02 13:51:10 [[32minfo[39m] : MongoDB connected successfully
2025-11-02 13:51:14 [[33mwarn[39m] : User not found with ID: undefined
2025-11-02 13:52:22 [[32minfo[39m] : Server is running on port 5000
2025-11-02 13:52:22 [[32minfo[39m] : MongoDB connected successfully
2025-11-02 13:52:24 [[32minfo[39m] : Server is running on port 5000
2025-11-02 13:52:24 [[32minfo[39m] : MongoDB connected successfully
2025-11-02 13:52:27 [[33mwarn[39m] : User not found with ID: undefined
2025-11-02 13:52:28 [[33mwarn[39m] : User not found with ID: undefined
2025-11-02 13:52:39 [[32minfo[39m] : Server is running on port 5000
2025-11-02 13:52:39 [[32minfo[39m] : MongoDB connected successfully
2025-11-02 13:52:42 [[32minfo[39m] : Server is running on port 5000
2025-11-02 13:52:42 [[32minfo[39m] : MongoDB connected successfully
2025-11-02 13:52:43 [[32minfo[39m] : Server is running on port 5000
2025-11-02 13:52:43 [[32minfo[39m] : MongoDB connected successfully
2025-11-02 13:52:45 [[33mwarn[39m] : User not found with ID: undefined
2025-11-02 13:53:10 [[32minfo[39m] : Server is running on port 5000
2025-11-02 13:53:10 [[32minfo[39m] : MongoDB connected successfully
2025-11-02 13:53:17 [[32minfo[39m] : Server is running on port 5000
2025-11-02 13:53:17 [[32minfo[39m] : MongoDB connected successfully
2025-11-02 13:53:48 [[32minfo[39m] : Server is running on port 5000
2025-11-02 13:53:48 [[32minfo[39m] : MongoDB connected successfully
2025-11-02 13:53:52 [[32minfo[39m] : Server is running on port 5000
2025-11-02 13:53:52 [[32minfo[39m] : MongoDB connected successfully
2025-11-02 13:54:08 [[32minfo[39m] : Server is running on port 5000
2025-11-02 13:54:08 [[32minfo[39m] : MongoDB connected successfully
2025-11-02 13:54:21 [[32minfo[39m] : Server is running on port 5000
2025-11-02 13:54:21 [[32minfo[39m] : MongoDB connected successfully
2025-11-02 13:54:34 [[32minfo[39m] : Server is running on port 5000
2025-11-02 13:54:34 [[32minfo[39m] : MongoDB connected successfully
2025-11-02 13:54:42 [[32minfo[39m] : Server is running on port 5000
2025-11-02 13:54:42 [[32minfo[39m] : MongoDB connected successfully
2025-11-02 13:54:58 [[33mwarn[39m] : User not found with ID: 6906f8a51bca190d383df4c0
2025-11-02 13:55:19 [[32minfo[39m] : Server is running on port 5000
2025-11-02 13:55:19 [[32minfo[39m] : MongoDB connected successfully
2025-11-02 13:55:24 [[32minfo[39m] : Server is running on port 5000
2025-11-02 13:55:24 [[32minfo[39m] : MongoDB connected successfully
2025-11-02 13:55:36 [[32minfo[39m] : Server is running on port 5000
2025-11-02 13:55:36 [[32minfo[39m] : MongoDB connected successfully
2025-11-02 13:55:38 [[33mwarn[39m] : User not found with ID: 6906f8a51bca190d383df4c0
2025-11-02 13:56:06 [[33mwarn[39m] : User not found with ID: 6906f8a51bca190d383df4c0
2025-11-02 13:56:32 [[31merror[39m] : Login failed
2025-11-02 13:56:32 [[31merror[39m] : ReferenceError: user is not defined
    at login (file:///D:/Connectly/Backend/src/controllers/auth.js:54:36)
2025-11-02 13:57:07 [[33mwarn[39m] : User not found with ID: 6906f8a51bca190d383df4c0
2025-11-02 13:57:42 [[32minfo[39m] : Server is running on port 5000
2025-11-02 13:57:42 [[32minfo[39m] : MongoDB connected successfully
2025-11-02 13:57:45 [[32minfo[39m] : Server is running on port 5000
2025-11-02 13:57:45 [[32minfo[39m] : MongoDB connected successfully
2025-11-02 13:57:47 [[32minfo[39m] : Server is running on port 5000
2025-11-02 13:57:47 [[32minfo[39m] : MongoDB connected successfully
2025-11-02 13:57:49 [[33mwarn[39m] : User not found with ID: 6906f8a51bca190d383df4c0
2025-11-02 13:58:03 [[32minfo[39m] : Server is running on port 5000
2025-11-02 13:58:03 [[32minfo[39m] : MongoDB connected successfully
2025-11-02 13:58:05 [[32minfo[39m] : Server is running on port 5000
2025-11-02 13:58:05 [[32minfo[39m] : MongoDB connected successfully
2025-11-02 13:58:10 [[33mwarn[39m] : User not found with ID: 6906f8a51bca190d383df4c0
2025-11-02 13:58:39 [[32minfo[39m] : Server is running on port 5000
2025-11-02 13:58:39 [[32minfo[39m] : MongoDB connected successfully
2025-11-02 13:58:46 [[32minfo[39m] : Server is running on port 5000
2025-11-02 13:58:46 [[32minfo[39m] : MongoDB connected successfully
2025-11-02 13:58:50 [[33mwarn[39m] : User not found with ID: 6906f8a51bca190d383df4c0
2025-11-02 14:01:32 [[32minfo[39m] : Server is running on port 5000
2025-11-02 14:01:32 [[32minfo[39m] : MongoDB connected successfully
2025-11-02 14:01:37 [[32minfo[39m] : Server is running on port 5000
2025-11-02 14:01:37 [[32minfo[39m] : MongoDB connected successfully
2025-11-02 14:01:54 [[32minfo[39m] : Server is running on port 5000
2025-11-02 14:01:54 [[32minfo[39m] : MongoDB connected successfully
2025-11-02 14:02:32 [[32minfo[39m] : Server is running on port 5000
2025-11-02 14:02:32 [[32minfo[39m] : MongoDB connected successfully
2025-11-02 14:02:34 [[32minfo[39m] : Server is running on port 5000
2025-11-02 14:02:34 [[32minfo[39m] : MongoDB connected successfully
2025-11-02 14:02:37 [[32minfo[39m] : Server is running on port 5000
2025-11-02 14:02:37 [[32minfo[39m] : MongoDB connected successfully
2025-11-02 14:02:39 [[32minfo[39m] : Server is running on port 5000
2025-11-02 14:02:39 [[32minfo[39m] : MongoDB connected successfully
2025-11-02 14:02:49 [[32minfo[39m] : Server is running on port 5000
2025-11-02 14:02:49 [[32minfo[39m] : MongoDB connected successfully
2025-11-02 14:06:49 [[32minfo[39m] : Server is running on port 5000
2025-11-02 14:06:49 [[32minfo[39m] : MongoDB connected successfully
2025-11-02 14:07:17 [[32minfo[39m] : Server is running on port 5000
2025-11-02 14:07:17 [[32minfo[39m] : MongoDB connected successfully
2025-11-02 14:07:22 [[31merror[39m] : Error creating connection request
2025-11-02 14:07:22 [[31merror[39m] : Error: User is not defined
    at Object.createConnectionRequest (file:///D:/Connectly/Backend/src/services/connection.js:53:13)
    at sendConnectionRequest (file:///D:/Connectly/Backend/src/controllers/connectionRequest.js:25:33)
    at Layer.handleRequest (D:\Connectly\Backend\node_modules\router\lib\layer.js:152:17)
    at next (D:\Connectly\Backend\node_modules\router\lib\route.js:157:13)
    at protect (file:///D:/Connectly/Backend/src/middleware/auth.middleware.js:15:5)
    at process.processTicksAndRejections (node:internal/process/task_queues:105:5)
2025-11-02 14:09:11 [[31merror[39m] : Error creating connection request
2025-11-02 14:09:11 [[31merror[39m] : Error: User is not defined
    at Object.createConnectionRequest (file:///D:/Connectly/Backend/src/services/connection.js:53:13)
    at sendConnectionRequest (file:///D:/Connectly/Backend/src/controllers/connectionRequest.js:25:33)
    at Layer.handleRequest (D:\Connectly\Backend\node_modules\router\lib\layer.js:152:17)
    at next (D:\Connectly\Backend\node_modules\router\lib\route.js:157:13)
    at protect (file:///D:/Connectly/Backend/src/middleware/auth.middleware.js:15:5)
    at process.processTicksAndRejections (node:internal/process/task_queues:105:5)
2025-11-02 14:10:05 [[32minfo[39m] : Server is running on port 5000
2025-11-02 14:10:05 [[32minfo[39m] : MongoDB connected successfully
2025-11-02 14:10:08 [[32minfo[39m] : Server is running on port 5000
2025-11-02 14:10:08 [[32minfo[39m] : MongoDB connected successfully
2025-11-02 14:10:10 [[32minfo[39m] : Server is running on port 5000
2025-11-02 14:10:10 [[32minfo[39m] : MongoDB connected successfully
2025-11-02 14:10:25 [[31merror[39m] : Error creating connection request
2025-11-02 14:10:25 [[31merror[39m] : Error: User is not defined
    at Object.createConnectionRequest (file:///D:/Connectly/Backend/src/services/connection.js:55:13)
    at sendConnectionRequest (file:///D:/Connectly/Backend/src/controllers/connectionRequest.js:25:33)
    at Layer.handleRequest (D:\Connectly\Backend\node_modules\router\lib\layer.js:152:17)
    at next (D:\Connectly\Backend\node_modules\router\lib\route.js:157:13)
    at protect (file:///D:/Connectly/Backend/src/middleware/auth.middleware.js:15:5)
    at process.processTicksAndRejections (node:internal/process/task_queues:105:5)
2025-11-02 14:10:41 [[32minfo[39m] : Server is running on port 5000
2025-11-02 14:10:41 [[32minfo[39m] : MongoDB connected successfully
2025-11-02 14:10:48 [[32minfo[39m] : Server is running on port 5000
2025-11-02 14:10:48 [[32minfo[39m] : MongoDB connected successfully
2025-11-02 14:10:50 [[32minfo[39m] : Server is running on port 5000
2025-11-02 14:10:50 [[32minfo[39m] : MongoDB connected successfully
2025-11-02 14:10:56 [[32minfo[39m] : Server is running on port 5000
2025-11-02 14:10:56 [[32minfo[39m] : MongoDB connected successfully
2025-11-02 14:10:59 [[31merror[39m] : Error creating connection request
2025-11-02 14:10:59 [[31merror[39m] : Error: User is not defined
    at Object.createConnectionRequest (file:///D:/Connectly/Backend/src/services/connection.js:57:13)
    at sendConnectionRequest (file:///D:/Connectly/Backend/src/controllers/connectionRequest.js:25:33)
    at Layer.handleRequest (D:\Connectly\Backend\node_modules\router\lib\layer.js:152:17)
    at next (D:\Connectly\Backend\node_modules\router\lib\route.js:157:13)
    at protect (file:///D:/Connectly/Backend/src/middleware/auth.middleware.js:15:5)
    at process.processTicksAndRejections (node:internal/process/task_queues:105:5)
2025-11-02 14:11:31 [[32minfo[39m] : Server is running on port 5000
2025-11-02 14:11:31 [[32minfo[39m] : MongoDB connected successfully
2025-11-02 14:11:34 [[32minfo[39m] : Server is running on port 5000
2025-11-02 14:11:34 [[32minfo[39m] : MongoDB connected successfully
2025-11-02 14:11:41 [[32minfo[39m] : Server is running on port 5000
2025-11-02 14:11:41 [[32minfo[39m] : MongoDB connected successfully
2025-11-02 14:11:45 [[32minfo[39m] : Server is running on port 5000
2025-11-02 14:11:46 [[32minfo[39m] : MongoDB connected successfully
2025-11-02 14:11:49 [[31merror[39m] : Error creating connection request
2025-11-02 14:11:49 [[31merror[39m] : Error: User is not defined
    at Object.createConnectionRequest (file:///D:/Connectly/Backend/src/services/connection.js:57:13)
    at sendConnectionRequest (file:///D:/Connectly/Backend/src/controllers/connectionRequest.js:25:33)
    at Layer.handleRequest (D:\Connectly\Backend\node_modules\router\lib\layer.js:152:17)
    at next (D:\Connectly\Backend\node_modules\router\lib\route.js:157:13)
    at protect (file:///D:/Connectly/Backend/src/middleware/auth.middleware.js:15:5)
    at process.processTicksAndRejections (node:internal/process/task_queues:105:5)
2025-11-02 14:12:33 [[32minfo[39m] : Server is running on port 5000
2025-11-02 14:12:33 [[32minfo[39m] : MongoDB connected successfully
2025-11-02 14:12:41 [[32minfo[39m] : Server is running on port 5000
2025-11-02 14:12:41 [[32minfo[39m] : MongoDB connected successfully
2025-11-02 14:12:45 [[32minfo[39m] : Server is running on port 5000
2025-11-02 14:12:45 [[32minfo[39m] : MongoDB connected successfully
2025-11-02 14:12:49 [[32minfo[39m] : Connection request created from 6906f8a51bca190d383df4c0 → 6906f88b1bca190d383df4bc with status: interested
2025-11-02 14:13:32 [[32minfo[39m] : Server is running on port 5000
2025-11-02 14:13:32 [[32minfo[39m] : MongoDB connected successfully
2025-11-02 14:13:35 [[32minfo[39m] : Server is running on port 5000
2025-11-02 14:13:35 [[32minfo[39m] : MongoDB connected successfully
2025-11-02 14:13:37 [[32minfo[39m] : Server is running on port 5000
2025-11-02 14:13:37 [[32minfo[39m] : MongoDB connected successfully
2025-11-02 14:13:44 [[32minfo[39m] : Server is running on port 5000
2025-11-02 14:13:44 [[32minfo[39m] : MongoDB connected successfully
2025-11-02 14:13:48 [[33mwarn[39m] : Connection request already exists between 6906f8a51bca190d383df4c0 and 6906f88b1bca190d383df4bc
2025-11-02 14:13:48 [[31merror[39m] : Error creating connection request
2025-11-02 14:13:48 [[31merror[39m] : Error: Connection request already exists
    at Object.createConnectionRequest (file:///D:/Connectly/Backend/src/services/connection.js:57:13)
    at process.processTicksAndRejections (node:internal/process/task_queues:105:5)
    at async sendConnectionRequest (file:///D:/Connectly/Backend/src/controllers/connectionRequest.js:25:9)
2025-11-02 17:08:43 [[32minfo[39m] : Server is running on port 5000
2025-11-02 17:08:43 [[32minfo[39m] : MongoDB connected successfully
2025-11-02 17:09:05 [[33mwarn[39m] : Connection request already exists between 6906f8a51bca190d383df4c0 and 6906f88b1bca190d383df4bc
2025-11-02 17:09:05 [[31merror[39m] : Error creating connection request
2025-11-02 17:09:05 [[31merror[39m] : Error: Connection request already exists
    at Object.createConnectionRequest (file:///D:/Connectly/Backend/src/services/connection.js:53:13)
    at process.processTicksAndRejections (node:internal/process/task_queues:105:5)
    at async sendConnectionRequest (file:///D:/Connectly/Backend/src/controllers/connectionRequest.js:25:9)
2025-11-02 17:09:33 [[33mwarn[39m] : Connection request already exists between 6906f8a51bca190d383df4c0 and 6906f88b1bca190d383df4bc
2025-11-02 17:09:33 [[31merror[39m] : Error creating connection request
2025-11-02 17:09:33 [[31merror[39m] : Error: Connection request already exists
    at Object.createConnectionRequest (file:///D:/Connectly/Backend/src/services/connection.js:53:13)
    at process.processTicksAndRejections (node:internal/process/task_queues:105:5)
    at async sendConnectionRequest (file:///D:/Connectly/Backend/src/controllers/connectionRequest.js:25:9)
2025-11-02 17:10:24 [[32minfo[39m] : Connection request created from 6906f8a51bca190d383df4c0 → 6906fe95d8866fda69637bfa with status: rejected
2025-11-02 17:10:40 [[33mwarn[39m] : Invalid status type: accept
2025-11-02 17:10:40 [[31merror[39m] : Error: Invalid status type
    at Object.createConnectionRequest (file:///D:/Connectly/Backend/src/services/connection.js:14:13)
    at sendConnectionRequest (file:///D:/Connectly/Backend/src/controllers/connectionRequest.js:25:33)
    at Layer.handleRequest (D:\Connectly\Backend\node_modules\router\lib\layer.js:152:17)
    at next (D:\Connectly\Backend\node_modules\router\lib\route.js:157:13)
    at protect (file:///D:/Connectly/Backend/src/middleware/auth.middleware.js:15:5)
    at process.processTicksAndRejections (node:internal/process/task_queues:105:5)
2025-11-02 17:10:47 [[33mwarn[39m] : Connection request already exists between 6906f8a51bca190d383df4c0 and 6906fe95d8866fda69637bfa
2025-11-02 17:10:47 [[31merror[39m] : Error creating connection request
2025-11-02 17:10:47 [[31merror[39m] : Error: Connection request already exists
    at Object.createConnectionRequest (file:///D:/Connectly/Backend/src/services/connection.js:53:13)
    at process.processTicksAndRejections (node:internal/process/task_queues:105:5)
    at async sendConnectionRequest (file:///D:/Connectly/Backend/src/controllers/connectionRequest.js:25:9)
2025-11-02 17:23:48 [[32minfo[39m] : Server is running on port 5000
2025-11-02 17:23:48 [[32minfo[39m] : MongoDB connected successfully
2025-11-02 17:24:00 [[32minfo[39m] : Server is running on port 5000
2025-11-02 17:24:00 [[32minfo[39m] : MongoDB connected successfully
2025-11-02 17:24:13 [[32minfo[39m] : Server is running on port 5000
2025-11-02 17:24:13 [[32minfo[39m] : MongoDB connected successfully
2025-11-02 17:24:17 [[32minfo[39m] : Server is running on port 5000
2025-11-02 17:24:17 [[32minfo[39m] : MongoDB connected successfully
2025-11-02 17:24:20 [[32minfo[39m] : Server is running on port 5000
2025-11-02 17:24:20 [[32minfo[39m] : MongoDB connected successfully
2025-11-02 17:24:26 [[32minfo[39m] : Server is running on port 5000
2025-11-02 17:24:26 [[32minfo[39m] : MongoDB connected successfully
2025-11-02 17:24:46 [[32minfo[39m] : Server is running on port 5000
2025-11-02 17:24:46 [[32minfo[39m] : MongoDB connected successfully
2025-11-02 17:24:58 [[32minfo[39m] : Server is running on port 5000
2025-11-02 17:24:58 [[32minfo[39m] : MongoDB connected successfully
2025-11-02 17:25:22 [[32minfo[39m] : Server is running on port 5000
2025-11-02 17:25:22 [[32minfo[39m] : MongoDB connected successfully
2025-11-02 17:25:44 [[32minfo[39m] : Server is running on port 5000
2025-11-02 17:25:44 [[32minfo[39m] : MongoDB connected successfully
2025-11-02 17:25:51 [[32minfo[39m] : Server is running on port 5000
2025-11-02 17:25:51 [[32minfo[39m] : MongoDB connected successfully
2025-11-02 17:26:01 [[32minfo[39m] : Server is running on port 5000
2025-11-02 17:26:01 [[32minfo[39m] : MongoDB connected successfully
2025-11-02 17:26:06 [[32minfo[39m] : Server is running on port 5000
2025-11-02 17:26:06 [[32minfo[39m] : MongoDB connected successfully
2025-11-02 17:26:27 [[32minfo[39m] : Server is running on port 5000
2025-11-02 17:26:27 [[32minfo[39m] : MongoDB connected successfully
2025-11-02 17:26:35 [[32minfo[39m] : Server is running on port 5000
2025-11-02 17:26:35 [[32minfo[39m] : MongoDB connected successfully
2025-11-02 17:26:45 [[32minfo[39m] : Server is running on port 5000
2025-11-02 17:26:45 [[32minfo[39m] : MongoDB connected successfully
2025-11-02 17:26:58 [[32minfo[39m] : Server is running on port 5000
2025-11-02 17:26:58 [[32minfo[39m] : MongoDB connected successfully
2025-11-02 17:27:04 [[32minfo[39m] : Server is running on port 5000
2025-11-02 17:27:04 [[32minfo[39m] : MongoDB connected successfully
2025-11-02 17:27:07 [[32minfo[39m] : Server is running on port 5000
2025-11-02 17:27:07 [[32minfo[39m] : MongoDB connected successfully
2025-11-02 17:27:12 [[32minfo[39m] : Server is running on port 5000
2025-11-02 17:27:12 [[32minfo[39m] : MongoDB connected successfully
2025-11-02 17:27:15 [[32minfo[39m] : Server is running on port 5000
2025-11-02 17:27:15 [[32minfo[39m] : MongoDB connected successfully
2025-11-02 17:27:28 [[32minfo[39m] : Server is running on port 5000
2025-11-02 17:27:28 [[32minfo[39m] : MongoDB connected successfully
2025-11-02 17:27:58 [[32minfo[39m] : Server is running on port 5000
2025-11-02 17:27:58 [[32minfo[39m] : MongoDB connected successfully
2025-11-02 17:28:02 [[32minfo[39m] : Server is running on port 5000
2025-11-02 17:28:02 [[32minfo[39m] : MongoDB connected successfully
2025-11-02 17:30:26 [[32minfo[39m] : Server is running on port 5000
2025-11-02 17:30:26 [[32minfo[39m] : MongoDB connected successfully
2025-11-02 17:30:29 [[32minfo[39m] : Server is running on port 5000
2025-11-02 17:30:29 [[32minfo[39m] : MongoDB connected successfully
2025-11-02 17:30:40 [[32minfo[39m] : Server is running on port 5000
2025-11-02 17:30:40 [[32minfo[39m] : MongoDB connected successfully
2025-11-02 17:30:44 [[32minfo[39m] : Server is running on port 5000
2025-11-02 17:30:44 [[32minfo[39m] : MongoDB connected successfully
2025-11-02 17:39:35 [[32minfo[39m] : Server is running on port 5000
2025-11-02 17:39:35 [[32minfo[39m] : MongoDB connected successfully
2025-11-02 17:40:06 [[32minfo[39m] : Server is running on port 5000
2025-11-02 17:40:07 [[32minfo[39m] : MongoDB connected successfully
2025-11-02 17:40:15 [[32minfo[39m] : Server is running on port 5000
2025-11-02 17:40:15 [[32minfo[39m] : MongoDB connected successfully
2025-11-02 17:40:23 [[32minfo[39m] : Server is running on port 5000
2025-11-02 17:40:23 [[32minfo[39m] : MongoDB connected successfully
2025-11-02 17:40:37 [[32minfo[39m] : Server is running on port 5000
2025-11-02 17:40:37 [[32minfo[39m] : MongoDB connected successfully
2025-11-02 17:40:48 [[32minfo[39m] : Server is running on port 5000
2025-11-02 17:40:48 [[32minfo[39m] : MongoDB connected successfully
2025-11-02 17:40:53 [[32minfo[39m] : Server is running on port 5000
2025-11-02 17:40:53 [[32minfo[39m] : MongoDB connected successfully
2025-11-02 17:40:58 [[32minfo[39m] : Server is running on port 5000
2025-11-02 17:40:58 [[32minfo[39m] : MongoDB connected successfully
2025-11-02 17:42:28 [[33mwarn[39m] : Connection request not found: 69071989f9eae736c0ce7544
2025-11-02 17:42:28 [[31merror[39m] : Error reviewing connection request
2025-11-02 17:43:37 [[32minfo[39m] : Server is running on port 5000
2025-11-02 17:43:37 [[32minfo[39m] : MongoDB connected successfully
2025-11-02 17:44:23 [[32minfo[39m] : Server is running on port 5000
2025-11-02 17:44:23 [[32minfo[39m] : MongoDB connected successfully
2025-11-02 17:44:28 [[32minfo[39m] : Server is running on port 5000
2025-11-02 17:44:28 [[32minfo[39m] : MongoDB connected successfully
2025-11-02 17:44:32 [[32minfo[39m] : Server is running on port 5000
2025-11-02 17:44:32 [[32minfo[39m] : MongoDB connected successfully
2025-11-02 17:44:36 [[32minfo[39m] : Server is running on port 5000
2025-11-02 17:44:36 [[32minfo[39m] : MongoDB connected successfully
2025-11-02 17:44:39 [[32minfo[39m] : Server is running on port 5000
2025-11-02 17:44:39 [[32minfo[39m] : MongoDB connected successfully
2025-11-02 17:44:47 [[32minfo[39m] : Server is running on port 5000
2025-11-02 17:44:47 [[32minfo[39m] : MongoDB connected successfully
2025-11-02 17:44:48 [[33mwarn[39m] : Connection request not found: 69071989f9eae736c0ce7544
2025-11-02 17:44:48 [[31merror[39m] : Error reviewing connection request
2025-11-02 17:44:48 [[31merror[39m] : Error: Connection request not found
    at Object.reviewConnectionRequest (file:///D:/Connectly/Backend/src/services/connection.js:82:13)
    at process.processTicksAndRejections (node:internal/process/task_queues:105:5)
    at async reviewConnectionRequests (file:///D:/Connectly/Backend/src/controllers/connectionRequest.js:45:29)
2025-11-02 17:45:53 [[32minfo[39m] : Server is running on port 5000
2025-11-02 17:45:53 [[32minfo[39m] : MongoDB connected successfully
2025-11-02 17:45:58 [[33mwarn[39m] : Connection request not found: 69071989f9eae736c0ce7544
2025-11-02 17:45:58 [[31merror[39m] : Error reviewing connection request
2025-11-02 17:45:58 [[31merror[39m] : Error: Connection request not found
    at Object.reviewConnectionRequest (file:///D:/Connectly/Backend/src/services/connection.js:84:13)
    at process.processTicksAndRejections (node:internal/process/task_queues:105:5)
    at async reviewConnectionRequests (file:///D:/Connectly/Backend/src/controllers/connectionRequest.js:45:29)
2025-11-02 17:46:40 [[32minfo[39m] : Server is running on port 5000
2025-11-02 17:46:40 [[32minfo[39m] : MongoDB connected successfully
2025-11-02 17:46:42 [[33mwarn[39m] : Connection request not found: 69071989f9eae736c0ce7544
2025-11-02 17:46:42 [[31merror[39m] : Error reviewing connection request
2025-11-02 17:46:42 [[31merror[39m] : Error: Connection request not found
    at Object.reviewConnectionRequest (file:///D:/Connectly/Backend/src/services/connection.js:84:13)
    at process.processTicksAndRejections (node:internal/process/task_queues:105:5)
    at async reviewConnectionRequests (file:///D:/Connectly/Backend/src/controllers/connectionRequest.js:45:29)
2025-11-02 17:47:28 [[32minfo[39m] : Server is running on port 5000
2025-11-02 17:47:28 [[32minfo[39m] : MongoDB connected successfully
2025-11-02 17:47:45 [[32minfo[39m] : Server is running on port 5000
2025-11-02 17:47:45 [[32minfo[39m] : MongoDB connected successfully
2025-11-02 17:47:47 [[33mwarn[39m] : Connection request not found: 69071989f9eae736c0ce7544
2025-11-02 17:47:47 [[31merror[39m] : Error reviewing connection request
2025-11-02 17:47:47 [[31merror[39m] : Error: Connection request not found
    at Object.reviewConnectionRequest (file:///D:/Connectly/Backend/src/services/connection.js:84:13)
    at process.processTicksAndRejections (node:internal/process/task_queues:105:5)
    at async reviewConnectionRequests (file:///D:/Connectly/Backend/src/controllers/connectionRequest.js:45:29)
2025-11-02 17:50:22 [[32minfo[39m] : Server is running on port 5000
2025-11-02 17:50:22 [[32minfo[39m] : MongoDB connected successfully
2025-11-02 17:50:37 [[33mwarn[39m] : Connection request not found: 69071989f9eae736c0ce7544
2025-11-02 17:50:37 [[31merror[39m] : Error reviewing connection request
2025-11-02 17:50:37 [[31merror[39m] : Error: Connection request not found
    at Object.reviewConnectionRequest (file:///D:/Connectly/Backend/src/services/connection.js:84:13)
    at process.processTicksAndRejections (node:internal/process/task_queues:105:5)
    at async reviewConnectionRequests (file:///D:/Connectly/Backend/src/controllers/connectionRequest.js:45:29)
2025-11-02 17:52:04 [[32minfo[39m] : Server is running on port 5000
2025-11-02 17:52:04 [[32minfo[39m] : MongoDB connected successfully
2025-11-02 17:52:06 [[31merror[39m] : ReferenceError: reqObject is not defined
    at Object.reviewConnectionRequest (file:///D:/Connectly/Backend/src/services/connection.js:60:26)
    at reviewConnectionRequests (file:///D:/Connectly/Backend/src/controllers/connectionRequest.js:45:53)
    at Layer.handleRequest (D:\Connectly\Backend\node_modules\router\lib\layer.js:152:17)
    at next (D:\Connectly\Backend\node_modules\router\lib\route.js:157:13)
    at protect (file:///D:/Connectly/Backend/src/middleware/auth.middleware.js:15:5)
    at process.processTicksAndRejections (node:internal/process/task_queues:105:5)
2025-11-02 17:52:37 [[32minfo[39m] : Server is running on port 5000
2025-11-02 17:52:37 [[32minfo[39m] : MongoDB connected successfully
2025-11-02 17:52:42 [[32minfo[39m] : Server is running on port 5000
2025-11-02 17:52:42 [[32minfo[39m] : MongoDB connected successfully
2025-11-02 17:52:51 [[32minfo[39m] : Server is running on port 5000
2025-11-02 17:52:51 [[32minfo[39m] : MongoDB connected successfully
2025-11-02 17:52:54 [[33mwarn[39m] : Connection request not found: 69071989f9eae736c0ce7544
2025-11-02 17:52:54 [[31merror[39m] : Error reviewing connection request
2025-11-02 17:52:54 [[31merror[39m] : Error: Connection request not found
    at Object.reviewConnectionRequest (file:///D:/Connectly/Backend/src/services/connection.js:84:13)
    at process.processTicksAndRejections (node:internal/process/task_queues:105:5)
    at async reviewConnectionRequests (file:///D:/Connectly/Backend/src/controllers/connectionRequest.js:45:29)
2025-11-02 17:53:57 [[33mwarn[39m] : Connection request not found: 69071989f9eae736c0ce7544
2025-11-02 17:53:57 [[31merror[39m] : Error reviewing connection request
2025-11-02 17:53:57 [[31merror[39m] : Error: Connection request not found
    at Object.reviewConnectionRequest (file:///D:/Connectly/Backend/src/services/connection.js:84:13)
    at process.processTicksAndRejections (node:internal/process/task_queues:105:5)
    at async reviewConnectionRequests (file:///D:/Connectly/Backend/src/controllers/connectionRequest.js:45:29)
2025-11-02 17:54:09 [[32minfo[39m] : Server is running on port 5000
2025-11-02 17:54:09 [[32minfo[39m] : MongoDB connected successfully
2025-11-02 17:54:15 [[32minfo[39m] : Server is running on port 5000
2025-11-02 17:54:15 [[32minfo[39m] : MongoDB connected successfully
2025-11-02 17:54:28 [[32minfo[39m] : Server is running on port 5000
2025-11-02 17:54:28 [[32minfo[39m] : MongoDB connected successfully
2025-11-02 17:54:32 [[33mwarn[39m] : Connection request not found: 69071989f9eae736c0ce7544
2025-11-02 17:54:32 [[31merror[39m] : Error reviewing connection request
2025-11-02 17:54:32 [[31merror[39m] : Error: Connection request not found
    at Object.reviewConnectionRequest (file:///D:/Connectly/Backend/src/services/connection.js:86:13)
    at process.processTicksAndRejections (node:internal/process/task_queues:105:5)
    at async reviewConnectionRequests (file:///D:/Connectly/Backend/src/controllers/connectionRequest.js:45:29)
2025-11-02 17:57:25 [[32minfo[39m] : Server is running on port 5000
2025-11-02 17:57:25 [[32minfo[39m] : MongoDB connected successfully
2025-11-02 17:57:28 [[33mwarn[39m] : Connection request not found: 69071989f9eae736c0ce7544
2025-11-02 17:57:28 [[31merror[39m] : Error reviewing connection request
2025-11-02 17:57:28 [[31merror[39m] : Error: Connection request not found
    at Object.reviewConnectionRequest (file:///D:/Connectly/Backend/src/services/connection.js:86:13)
    at process.processTicksAndRejections (node:internal/process/task_queues:105:5)
    at async reviewConnectionRequests (file:///D:/Connectly/Backend/src/controllers/connectionRequest.js:45:29)
2025-11-02 17:57:44 [[32minfo[39m] : Server is running on port 5000
2025-11-02 17:57:44 [[32minfo[39m] : MongoDB connected successfully
2025-11-02 18:00:25 [[32minfo[39m] : Server is running on port 5000
2025-11-02 18:00:25 [[32minfo[39m] : MongoDB connected successfully
2025-11-02 18:00:26 [[31merror[39m] : Error reviewing connection request
2025-11-02 18:00:26 [[31merror[39m] : Error: mongoose is not defined
    at Object.reviewConnectionRequest (file:///D:/Connectly/Backend/src/services/connection.js:86:13)
    at reviewConnectionRequests (file:///D:/Connectly/Backend/src/controllers/connectionRequest.js:45:53)
    at Layer.handleRequest (D:\Connectly\Backend\node_modules\router\lib\layer.js:152:17)
    at next (D:\Connectly\Backend\node_modules\router\lib\route.js:157:13)
    at protect (file:///D:/Connectly/Backend/src/middleware/auth.middleware.js:15:5)
    at process.processTicksAndRejections (node:internal/process/task_queues:105:5)
2025-11-02 18:00:39 [[32minfo[39m] : Server is running on port 5000
2025-11-02 18:00:39 [[32minfo[39m] : MongoDB connected successfully
2025-11-02 18:00:41 [[33mwarn[39m] : Connection request not found: 69071989f9eae736c0ce7544
2025-11-02 18:00:41 [[31merror[39m] : Error reviewing connection request
2025-11-02 18:00:41 [[31merror[39m] : Error: Connection request not found
    at Object.reviewConnectionRequest (file:///D:/Connectly/Backend/src/services/connection.js:87:13)
    at process.processTicksAndRejections (node:internal/process/task_queues:105:5)
    at async reviewConnectionRequests (file:///D:/Connectly/Backend/src/controllers/connectionRequest.js:45:29)
2025-11-02 18:02:31 [[32minfo[39m] : Server is running on port 5000
2025-11-02 18:02:31 [[32minfo[39m] : MongoDB connected successfully
2025-11-02 18:02:35 [[33mwarn[39m] : Connection request not found: 69071989f9eae736c0ce7544
2025-11-02 18:02:35 [[31merror[39m] : Error reviewing connection request
2025-11-02 18:02:35 [[31merror[39m] : Error: Connection request not found
    at Object.reviewConnectionRequest (file:///D:/Connectly/Backend/src/services/connection.js:87:13)
    at process.processTicksAndRejections (node:internal/process/task_queues:105:5)
    at async reviewConnectionRequests (file:///D:/Connectly/Backend/src/controllers/connectionRequest.js:45:29)
2025-11-02 18:06:26 [[32minfo[39m] : Server is running on port 5000
2025-11-02 18:06:26 [[32minfo[39m] : MongoDB connected successfully
2025-11-02 18:06:48 [[32minfo[39m] : Server is running on port 5000
2025-11-02 18:06:48 [[32minfo[39m] : MongoDB connected successfully
2025-11-02 18:06:50 [[32minfo[39m] : Connection request 69071989f9eae736c0ce7544 reviewed with status: accepted
2025-11-02 18:07:51 [[33mwarn[39m] : Connection request not found: 69071989f9eae736c0ce7544
2025-11-02 18:07:51 [[31merror[39m] : Error reviewing connection request
2025-11-02 18:07:51 [[31merror[39m] : Error: Connection request not found
    at Object.reviewConnectionRequest (file:///D:/Connectly/Backend/src/services/connection.js:88:13)
    at process.processTicksAndRejections (node:internal/process/task_queues:105:5)
    at async reviewConnectionRequests (file:///D:/Connectly/Backend/src/controllers/connectionRequest.js:45:29)
2025-11-02 18:08:26 [[32minfo[39m] : Server is running on port 5000
2025-11-02 18:08:26 [[32minfo[39m] : MongoDB connected successfully
2025-11-02 18:08:36 [[32minfo[39m] : Server is running on port 5000
2025-11-02 18:08:36 [[32minfo[39m] : MongoDB connected successfully
2025-11-02 18:09:56 [[33mwarn[39m] : Connection request not found: 69071989f9eae736c0ce7544
2025-11-02 18:09:56 [[31merror[39m] : Error reviewing connection request
2025-11-02 18:09:56 [[31merror[39m] : Error: Connection request not found
    at Object.reviewConnectionRequest (file:///D:/Connectly/Backend/src/services/connection.js:88:13)
    at process.processTicksAndRejections (node:internal/process/task_queues:105:5)
    at async reviewConnectionRequests (file:///D:/Connectly/Backend/src/controllers/connectionRequest.js:45:27)
2025-11-02 18:09:57 [[33mwarn[39m] : Connection request not found: 69071989f9eae736c0ce7544
2025-11-02 18:09:57 [[31merror[39m] : Error reviewing connection request
2025-11-02 18:09:57 [[31merror[39m] : Error: Connection request not found
    at Object.reviewConnectionRequest (file:///D:/Connectly/Backend/src/services/connection.js:88:13)
    at process.processTicksAndRejections (node:internal/process/task_queues:105:5)
    at async reviewConnectionRequests (file:///D:/Connectly/Backend/src/controllers/connectionRequest.js:45:27)
2025-11-02 18:10:16 [[32minfo[39m] : Server is running on port 5000
2025-11-02 18:10:16 [[32minfo[39m] : MongoDB connected successfully
2025-11-02 18:10:18 [[32minfo[39m] : Server is running on port 5000
2025-11-02 18:10:18 [[32minfo[39m] : MongoDB connected successfully
2025-11-02 18:10:19 [[33mwarn[39m] : Connection request not found: 69071989f9eae736c0ce7544
2025-11-02 18:10:19 [[31merror[39m] : Error reviewing connection request
2025-11-02 18:10:19 [[31merror[39m] : Error: Connection request not found
    at Object.reviewConnectionRequest (file:///D:/Connectly/Backend/src/services/connection.js:88:13)
    at process.processTicksAndRejections (node:internal/process/task_queues:105:5)
    at async reviewConnectionRequests (file:///D:/Connectly/Backend/src/controllers/connectionRequest.js:45:27)
2025-11-02 18:10:20 [[33mwarn[39m] : Connection request not found: 69071989f9eae736c0ce7544
2025-11-02 18:10:20 [[31merror[39m] : Error reviewing connection request
2025-11-02 18:10:20 [[31merror[39m] : Error: Connection request not found
    at Object.reviewConnectionRequest (file:///D:/Connectly/Backend/src/services/connection.js:88:13)
    at process.processTicksAndRejections (node:internal/process/task_queues:105:5)
    at async reviewConnectionRequests (file:///D:/Connectly/Backend/src/controllers/connectionRequest.js:45:27)
2025-11-02 18:10:35 [[32minfo[39m] : Server is running on port 5000
2025-11-02 18:10:35 [[32minfo[39m] : MongoDB connected successfully
2025-11-02 18:10:49 [[33mwarn[39m] : Connection request not found: 69071989f9eae736c0ce7544
2025-11-02 18:10:49 [[31merror[39m] : Error reviewing connection request
2025-11-02 18:10:49 [[31merror[39m] : Error: Connection request not found
    at Object.reviewConnectionRequest (file:///D:/Connectly/Backend/src/services/connection.js:88:13)
    at process.processTicksAndRejections (node:internal/process/task_queues:105:5)
    at async reviewConnectionRequests (file:///D:/Connectly/Backend/src/controllers/connectionRequest.js:45:27)
2025-11-02 18:11:39 [[32minfo[39m] : Server is running on port 5000
2025-11-02 18:11:39 [[32minfo[39m] : MongoDB connected successfully
2025-11-02 18:11:46 [[32minfo[39m] : New user registered: kartik@gmail.com
2025-11-02 18:11:55 [[31merror[39m] : Login failed
2025-11-02 18:11:55 [[31merror[39m] : ReferenceError: user is not defined
    at login (file:///D:/Connectly/Backend/src/controllers/auth.js:54:36)
2025-11-02 18:12:10 [[32minfo[39m] : New user registered: kunal@gmail.com
2025-11-02 18:12:33 [[32minfo[39m] : Server is running on port 5000
2025-11-02 18:12:33 [[32minfo[39m] : MongoDB connected successfully
2025-11-02 18:13:17 [[32minfo[39m] : Connection request created from 6907518a9bbb0958c58dedb9 → 690751a29bbb0958c58dedbd with status: rejected
2025-11-02 18:14:16 [[32minfo[39m] : Connection request created from 6907518a9bbb0958c58dedb9 → 690751a29bbb0958c58dedbd with status: interested
2025-11-02 18:14:44 [[33mwarn[39m] : Connection request not found: 690752206b28d9a061aec02a
2025-11-02 18:14:44 [[31merror[39m] : Error reviewing connection request
2025-11-02 18:14:44 [[31merror[39m] : Error: Connection request not found
    at Object.reviewConnectionRequest (file:///D:/Connectly/Backend/src/services/connection.js:88:13)
    at process.processTicksAndRejections (node:internal/process/task_queues:105:5)
    at async reviewConnectionRequests (file:///D:/Connectly/Backend/src/controllers/connectionRequest.js:45:27)
2025-11-02 18:14:48 [[33mwarn[39m] : Connection request not found: 690752206b28d9a061aec02a
2025-11-02 18:14:48 [[31merror[39m] : Error reviewing connection request
2025-11-02 18:14:48 [[31merror[39m] : Error: Connection request not found
    at Object.reviewConnectionRequest (file:///D:/Connectly/Backend/src/services/connection.js:88:13)
    at process.processTicksAndRejections (node:internal/process/task_queues:105:5)
    at async reviewConnectionRequests (file:///D:/Connectly/Backend/src/controllers/connectionRequest.js:45:27)
2025-11-02 18:15:01 [[31merror[39m] : Login failed
2025-11-02 18:15:01 [[31merror[39m] : ReferenceError: user is not defined
    at login (file:///D:/Connectly/Backend/src/controllers/auth.js:54:36)
2025-11-02 18:15:17 [[32minfo[39m] : Connection request 690752206b28d9a061aec02a reviewed with status: accepted
2025-11-02 18:15:48 [[33mwarn[39m] : Connection request not found: 690752206b28d9a061aec02a
2025-11-02 18:15:48 [[31merror[39m] : Error reviewing connection request
2025-11-02 18:15:48 [[31merror[39m] : Error: Connection request not found
    at Object.reviewConnectionRequest (file:///D:/Connectly/Backend/src/services/connection.js:88:13)
    at process.processTicksAndRejections (node:internal/process/task_queues:105:5)
    at async reviewConnectionRequests (file:///D:/Connectly/Backend/src/controllers/connectionRequest.js:45:27)
