
2025-12-09 11:50:31 [[31merror[39m] : ValidationError: User validation failed: password: Path `password` is required.
2025-12-09 12:03:16 [[31merror[39m] : Google login failed
2025-12-09 12:03:16 [[31merror[39m] : ValidationError: User validation failed: password: Path `password` is required.
2025-12-09 12:25:20 [[31merror[39m] : Error: Not authorized, token missing
2025-12-09 12:25:25 [[31merror[39m] : Error: Not authorized, token missing
2025-12-09 12:27:08 [[31merror[39m] : Error: Not authorized, token missing
2025-12-09 12:27:10 [[31merror[39m] : Error: Not authorized, token missing
2025-12-09 12:27:25 [[31merror[39m] : Error: Not authorized, token missing
2025-12-09 12:27:27 [[31merror[39m] : Error: Not authorized, token missing
2025-12-09 12:42:08 [[31merror[39m] : Error: Not authorized, token missing
2025-12-09 12:42:15 [[31merror[39m] : Error: Not authorized, token missing
2025-12-09 12:42:28 [[31merror[39m] : Error: Not authorized, token missing
2025-12-09 12:42:30 [[31merror[39m] : Error: Not authorized, token missing
2025-12-09 12:42:30 [[31merror[39m] : Error: Not authorized, token missing
2025-12-09 12:42:34 [[31merror[39m] : Error: Not authorized, token missing
2025-12-09 12:42:34 [[31merror[39m] : Error: Not authorized, token missing
2025-12-09 12:42:37 [[31merror[39m] : Error: Not authorized, token missing
2025-12-09 12:42:38 [[31merror[39m] : Error: Not authorized, token missing
2025-12-09 12:42:41 [[31merror[39m] : Error: Not authorized, token missing
2025-12-09 12:42:41 [[31merror[39m] : Error: Not authorized, token missing
2025-12-09 12:42:51 [[31merror[39m] : Error: Not authorized, token missing
2025-12-09 12:42:51 [[31merror[39m] : Error: Not authorized, token missing
22025-12-10 16:49:40 [[31merror[39m] : Key is required
2025-12-10 16:50:00 [[31merror[39m] : Key is required
2025-12-10 17:34:45 [[31merror[39m] : Value is required
2025-12-10 17:35:32 [[31merror[39m] : Value is required
2025-12-10 18:40:29 [[31merror[39m] : ttlSeconds is not defined
2025-12-10 18:40:29 [[31merror[39m] : Error: Something went wrong
2025-12-10 18:40:36 [[31merror[39m] : ttlSeconds is not defined
2025-12-10 18:40:36 [[31merror[39m] : Error: Something went wrong
